  FileTransfer.cpp
H:\OneDrive - Conestoga College\SET Program\Level 4\NetworkApplicationDevelopment\Assignments\A01\ReliableUDP\Net.h(190,21): warning C4244: '=': conversion from 'SOCKET' to 'int', possible loss of data
  (compiling source file 'FileTransfer.cpp')
  
H:\OneDrive - Conestoga College\SET Program\Level 4\NetworkApplicationDevelopment\Assignments\A01\ReliableUDP\Net.h(910,29): warning C4244: '/=': conversion from 'float' to 'int', possible loss of data
  (compiling source file 'FileTransfer.cpp')
  
H:\OneDrive - Conestoga College\SET Program\Level 4\NetworkApplicationDevelopment\Assignments\A01\ReliableUDP\Net.h(911,30): warning C4244: '/=': conversion from 'float' to 'int', possible loss of data
  (compiling source file 'FileTransfer.cpp')
  
  ReliableUDP.cpp
H:\OneDrive - Conestoga College\SET Program\Level 4\NetworkApplicationDevelopment\Assignments\A01\ReliableUDP\Net.h(190,21): warning C4244: '=': conversion from 'SOCKET' to 'int', possible loss of data
  (compiling source file 'ReliableUDP.cpp')
  
H:\OneDrive - Conestoga College\SET Program\Level 4\NetworkApplicationDevelopment\Assignments\A01\ReliableUDP\Net.h(910,29): warning C4244: '/=': conversion from 'float' to 'int', possible loss of data
  (compiling source file 'ReliableUDP.cpp')
  
H:\OneDrive - Conestoga College\SET Program\Level 4\NetworkApplicationDevelopment\Assignments\A01\ReliableUDP\Net.h(911,30): warning C4244: '/=': conversion from 'float' to 'int', possible loss of data
  (compiling source file 'ReliableUDP.cpp')
  
H:\OneDrive - Conestoga College\SET Program\Level 4\NetworkApplicationDevelopment\Assignments\A01\ReliableUDP\ReliableUDP.cpp(290,44): warning C4805: '==': unsafe mix of type 'boolean' and type 'bool' in operation
H:\OneDrive - Conestoga College\SET Program\Level 4\NetworkApplicationDevelopment\Assignments\A01\ReliableUDP\ReliableUDP.cpp(295,49): warning C4805: '==': unsafe mix of type 'boolean' and type 'bool' in operation
H:\OneDrive - Conestoga College\SET Program\Level 4\NetworkApplicationDevelopment\Assignments\A01\ReliableUDP\ReliableUDP.cpp(355,46): warning C4805: '==': unsafe mix of type 'boolean' and type 'bool' in operation
H:\OneDrive - Conestoga College\SET Program\Level 4\NetworkApplicationDevelopment\Assignments\A01\ReliableUDP\ReliableUDP.cpp(362,51): warning C4805: '==': unsafe mix of type 'boolean' and type 'bool' in operation
  Generating Code...
ReliableUDP.obj : error LNK2005: "void __cdecl net::wait(float)" (?wait@net@@YAXM@Z) already defined in FileTransfer.obj
H:\OneDrive - Conestoga College\SET Program\Level 4\NetworkApplicationDevelopment\Assignments\A01\ReliableUDP\x64\Debug\ReliableUDP.exe : fatal error LNK1169: one or more multiply defined symbols found
